# JRE version: OpenJDK Runtime Environment Temurin-21.0.8+9 (21.0.8+9) (build 21.0.8+9-LTS)
# Java VM: OpenJDK 64-Bit Server VM Temurin-21.0.8+9 (21.0.8+9-LTS, mixed mode, sharing, tiered, compressed oops, compressed class ptrs, g1 gc, windows-amd64)
GC Precious Log:
 CardTable entry size: 512
 Card Set container configuration: InlinePtr #cards 4 size 8 Array Of Cards #cards 16 size 48 Howl #buckets 8 coarsen threshold 3686 Howl Bitmap #cards 512 size 80 coarsen threshold 460 Card regions per heap region 1 cards per card region 4096
 CPUs: 16 total, 16 available
 Memory: 16306M
 Large Page Support: Disabled
 NUMA Support: Disabled
 Compressed Oops: Enabled (Zero based)
 Heap Region Size: 2M
 Heap Min Capacity: 8M
 Heap Initial Capacity: 256M
 Heap Max Capacity: 4078M
 Pre-touch: Disabled
 Parallel Workers: 13
 Concurrent Workers: 3
 Concurrent Refinement Workers: 13
 Periodic GC: Disabled
Heap:
 garbage-first heap   total 180224K, used 86466K [0x0000000701200000, 0x0000000800000000)
  region size 2048K, 6 young (12288K), 4 survivors (8192K)
 Metaspace       used 105730K, committed 106816K, reserved 1179648K
  class space    used 13474K, committed 13952K, reserved 1048576K
GC Heap History (20 events):
Event: 192.458 GC heap before
{Heap before GC invocations=49 (full 1):
 garbage-first heap   total 135168K, used 121765K [0x0000000701200000, 0x0000000800000000)
  region size 2048K, 32 young (65536K), 0 survivors (0K)
 Metaspace       used 102079K, committed 103104K, reserved 1179648K
  class space    used 13296K, committed 13760K, reserved 1048576K
}
Event: 192.461 GC heap after
{Heap after GC invocations=50 (full 1):
 garbage-first heap   total 135168K, used 62373K [0x0000000701200000, 0x0000000800000000)
  region size 2048K, 3 young (6144K), 3 survivors (6144K)
 Metaspace       used 102079K, committed 103104K, reserved 1179648K
  class space    used 13296K, committed 13760K, reserved 1048576K
}
Event: 192.799 GC heap before
{Heap before GC invocations=51 (full 1):
 garbage-first heap   total 135168K, used 113573K [0x0000000701200000, 0x0000000800000000)
  region size 2048K, 29 young (59392K), 3 survivors (6144K)
 Metaspace       used 102347K, committed 103360K, reserved 1179648K
  class space    used 13310K, committed 13760K, reserved 1048576K
}
Event: 192.802 GC heap after
{Heap after GC invocations=52 (full 1):
 garbage-first heap   total 135168K, used 65644K [0x0000000701200000, 0x0000000800000000)
  region size 2048K, 2 young (4096K), 2 survivors (4096K)
 Metaspace       used 102347K, committed 103360K, reserved 1179648K
  class space    used 13310K, committed 13760K, reserved 1048576K
}
Event: 193.048 GC heap before
{Heap before GC invocations=52 (full 1):
 garbage-first heap   total 135168K, used 116844K [0x0000000701200000, 0x0000000800000000)
  region size 2048K, 27 young (55296K), 2 survivors (4096K)
 Metaspace       used 102791K, committed 103872K, reserved 1179648K
  class space    used 13340K, committed 13824K, reserved 1048576K
}
Event: 193.051 GC heap after
{Heap after GC invocations=53 (full 1):
 garbage-first heap   total 135168K, used 67451K [0x0000000701200000, 0x0000000800000000)
  region size 2048K, 3 young (6144K), 3 survivors (6144K)
 Metaspace       used 102791K, committed 103872K, reserved 1179648K
  class space    used 13340K, committed 13824K, reserved 1048576K
}
Event: 193.266 GC heap before
{Heap before GC invocations=53 (full 1):
 garbage-first heap   total 135168K, used 116603K [0x0000000701200000, 0x0000000800000000)
  region size 2048K, 27 young (55296K), 3 survivors (6144K)
 Metaspace       used 103353K, committed 104384K, reserved 1179648K
  class space    used 13358K, committed 13824K, reserved 1048576K
}
Event: 193.268 GC heap after
{Heap after GC invocations=54 (full 1):
 garbage-first heap   total 135168K, used 70854K [0x0000000701200000, 0x0000000800000000)
  region size 2048K, 3 young (6144K), 3 survivors (6144K)
 Metaspace       used 103353K, committed 104384K, reserved 1179648K
  class space    used 13358K, committed 13824K, reserved 1048576K
}
Event: 193.368 GC heap before
{Heap before GC invocations=55 (full 1):
 garbage-first heap   total 135168K, used 115910K [0x0000000701200000, 0x0000000800000000)
  region size 2048K, 25 young (51200K), 3 survivors (6144K)
 Metaspace       used 103501K, committed 104576K, reserved 1179648K
  class space    used 13365K, committed 13824K, reserved 1048576K
}
Event: 193.371 GC heap after
{Heap after GC invocations=56 (full 1):
 garbage-first heap   total 135168K, used 72833K [0x0000000701200000, 0x0000000800000000)
  region size 2048K, 3 young (6144K), 3 survivors (6144K)
 Metaspace       used 103501K, committed 104576K, reserved 1179648K
  class space    used 13365K, committed 13824K, reserved 1048576K
}
Event: 193.460 GC heap before
{Heap before GC invocations=56 (full 1):
 garbage-first heap   total 135168K, used 115841K [0x0000000701200000, 0x0000000800000000)
  region size 2048K, 24 young (49152K), 3 survivors (6144K)
 Metaspace       used 103651K, committed 104704K, reserved 1179648K
  class space    used 13370K, committed 13824K, reserved 1048576K
}
Event: 193.462 GC heap after
{Heap after GC invocations=57 (full 1):
 garbage-first heap   total 180224K, used 74214K [0x0000000701200000, 0x0000000800000000)
  region size 2048K, 2 young (4096K), 2 survivors (4096K)
 Metaspace       used 103651K, committed 104704K, reserved 1179648K
  class space    used 13370K, committed 13824K, reserved 1048576K
}
Event: 193.651 GC heap before
{Heap before GC invocations=57 (full 1):
 garbage-first heap   total 180224K, used 158182K [0x0000000701200000, 0x0000000800000000)
  region size 2048K, 43 young (88064K), 2 survivors (4096K)
 Metaspace       used 104084K, committed 105152K, reserved 1179648K
  class space    used 13383K, committed 13888K, reserved 1048576K
}
Event: 193.654 GC heap after
{Heap after GC invocations=58 (full 1):
 garbage-first heap   total 180224K, used 77601K [0x0000000701200000, 0x0000000800000000)
  region size 2048K, 4 young (8192K), 4 survivors (8192K)
 Metaspace       used 104084K, committed 105152K, reserved 1179648K
  class space    used 13383K, committed 13888K, reserved 1048576K
}
Event: 193.828 GC heap before
{Heap before GC invocations=58 (full 1):
 garbage-first heap   total 180224K, used 157473K [0x0000000701200000, 0x0000000800000000)
  region size 2048K, 43 young (88064K), 4 survivors (8192K)
 Metaspace       used 104600K, committed 105664K, reserved 1179648K
  class space    used 13408K, committed 13888K, reserved 1048576K
}
Event: 193.830 GC heap after
{Heap after GC invocations=59 (full 1):
 garbage-first heap   total 180224K, used 79426K [0x0000000701200000, 0x0000000800000000)
  region size 2048K, 5 young (10240K), 5 survivors (10240K)
 Metaspace       used 104600K, committed 105664K, reserved 1179648K
  class space    used 13408K, committed 13888K, reserved 1048576K
}
Event: 194.103 GC heap before
{Heap before GC invocations=59 (full 1):
 garbage-first heap   total 180224K, used 155202K [0x0000000701200000, 0x0000000800000000)
  region size 2048K, 42 young (86016K), 5 survivors (10240K)
 Metaspace       used 105288K, committed 106368K, reserved 1179648K
  class space    used 13452K, committed 13952K, reserved 1048576K
}
Event: 194.107 GC heap after
{Heap after GC invocations=60 (full 1):
 garbage-first heap   total 180224K, used 82138K [0x0000000701200000, 0x0000000800000000)
  region size 2048K, 5 young (10240K), 5 survivors (10240K)
 Metaspace       used 105288K, committed 106368K, reserved 1179648K
  class space    used 13452K, committed 13952K, reserved 1048576K
}
Event: 194.507 GC heap before
{Heap before GC invocations=61 (full 1):
 garbage-first heap   total 180224K, used 155866K [0x0000000701200000, 0x0000000800000000)
  region size 2048K, 41 young (83968K), 5 survivors (10240K)
 Metaspace       used 105581K, committed 106624K, reserved 1179648K
  class space    used 13472K, committed 13952K, reserved 1048576K
}
Event: 194.511 GC heap after
{Heap after GC invocations=62 (full 1):
 garbage-first heap   total 180224K, used 84418K [0x0000000701200000, 0x0000000800000000)
  region size 2048K, 4 young (8192K), 4 survivors (8192K)
 Metaspace       used 105581K, committed 106624K, reserved 1179648K
  class space    used 13472K, committed 13952K, reserved 1048576K
}

