# JRE version: OpenJDK Runtime Environment Temurin-21.0.8+9 (21.0.8+9) (build 21.0.8+9-LTS)
# Java VM: OpenJDK 64-Bit Server VM Temurin-21.0.8+9 (21.0.8+9-LTS, mixed mode, sharing, tiered, compressed oops, compressed class ptrs, g1 gc, windows-amd64)
GC Precious Log:
 CardTable entry size: 512
 Card Set container configuration: InlinePtr #cards 4 size 8 Array Of Cards #cards 16 size 48 Howl #buckets 8 coarsen threshold 3686 Howl Bitmap #cards 512 size 80 coarsen threshold 460 Card regions per heap region 1 cards per card region 4096
 CPUs: 16 total, 16 available
 Memory: 16306M
 Large Page Support: Disabled
 NUMA Support: Disabled
 Compressed Oops: Enabled (Zero based)
 Heap Region Size: 2M
 Heap Min Capacity: 8M
 Heap Initial Capacity: 256M
 Heap Max Capacity: 4078M
 Pre-touch: Disabled
 Parallel Workers: 13
 Concurrent Workers: 3
 Concurrent Refinement Workers: 13
 Periodic GC: Disabled
Heap:
 garbage-first heap   total 557056K, used 428777K [0x0000000701200000, 0x0000000800000000)
  region size 2048K, 59 young (120832K), 6 survivors (12288K)
 Metaspace       used 175962K, committed 177664K, reserved 1245184K
  class space    used 18524K, committed 19392K, reserved 1048576K
GC Heap History (20 events):
Event: 4207.979 GC heap after
{Heap after GC invocations=211 (full 16):
 garbage-first heap   total 509952K, used 300900K [0x0000000701200000, 0x0000000800000000)
  region size 2048K, 4 young (8192K), 4 survivors (8192K)
 Metaspace       used 169557K, committed 171136K, reserved 1245184K
  class space    used 18117K, committed 18880K, reserved 1048576K
}
Event: 4208.300 GC heap before
{Heap before GC invocations=211 (full 16):
 garbage-first heap   total 509952K, used 462692K [0x0000000701200000, 0x0000000800000000)
  region size 2048K, 83 young (169984K), 4 survivors (8192K)
 Metaspace       used 170653K, committed 172224K, reserved 1245184K
  class space    used 18183K, committed 18944K, reserved 1048576K
}
Event: 4208.304 GC heap after
{Heap after GC invocations=212 (full 16):
 garbage-first heap   total 509952K, used 305572K [0x0000000701200000, 0x0000000800000000)
  region size 2048K, 6 young (12288K), 6 survivors (12288K)
 Metaspace       used 170653K, committed 172224K, reserved 1245184K
  class space    used 18183K, committed 18944K, reserved 1048576K
}
Event: 4228.830 GC heap before
{Heap before GC invocations=212 (full 16):
 garbage-first heap   total 509952K, used 440740K [0x0000000701200000, 0x0000000800000000)
  region size 2048K, 73 young (149504K), 6 survivors (12288K)
 Metaspace       used 171004K, committed 172608K, reserved 1245184K
  class space    used 18219K, committed 19008K, reserved 1048576K
}
Event: 4228.945 GC heap after
{Heap after GC invocations=213 (full 17):
 garbage-first heap   total 512000K, used 295999K [0x0000000701200000, 0x0000000800000000)
  region size 2048K, 0 young (0K), 0 survivors (0K)
 Metaspace       used 170937K, committed 172608K, reserved 1245184K
  class space    used 18208K, committed 19008K, reserved 1048576K
}
Event: 4229.670 GC heap before
{Heap before GC invocations=213 (full 17):
 garbage-first heap   total 512000K, used 474175K [0x0000000701200000, 0x0000000800000000)
  region size 2048K, 87 young (178176K), 0 survivors (0K)
 Metaspace       used 172383K, committed 173888K, reserved 1245184K
  class space    used 18324K, committed 19072K, reserved 1048576K
}
Event: 4229.675 GC heap after
{Heap after GC invocations=214 (full 17):
 garbage-first heap   total 512000K, used 309370K [0x0000000701200000, 0x0000000800000000)
  region size 2048K, 7 young (14336K), 7 survivors (14336K)
 Metaspace       used 172383K, committed 173888K, reserved 1245184K
  class space    used 18324K, committed 19072K, reserved 1048576K
}
Event: 4229.981 GC heap before
{Heap before GC invocations=215 (full 17):
 garbage-first heap   total 536576K, used 456826K [0x0000000701200000, 0x0000000800000000)
  region size 2048K, 79 young (161792K), 7 survivors (14336K)
 Metaspace       used 172835K, committed 174400K, reserved 1245184K
  class space    used 18349K, committed 19136K, reserved 1048576K
}
Event: 4229.985 GC heap after
{Heap after GC invocations=216 (full 17):
 garbage-first heap   total 536576K, used 314009K [0x0000000701200000, 0x0000000800000000)
  region size 2048K, 3 young (6144K), 3 survivors (6144K)
 Metaspace       used 172835K, committed 174400K, reserved 1245184K
  class space    used 18349K, committed 19136K, reserved 1048576K
}
Event: 4230.325 GC heap before
{Heap before GC invocations=216 (full 17):
 garbage-first heap   total 536576K, used 490137K [0x0000000701200000, 0x0000000800000000)
  region size 2048K, 89 young (182272K), 3 survivors (6144K)
 Metaspace       used 173957K, committed 175616K, reserved 1245184K
  class space    used 18414K, committed 19200K, reserved 1048576K
}
Event: 4230.329 GC heap after
{Heap after GC invocations=217 (full 17):
 garbage-first heap   total 536576K, used 320064K [0x0000000701200000, 0x0000000800000000)
  region size 2048K, 6 young (12288K), 6 survivors (12288K)
 Metaspace       used 173957K, committed 175616K, reserved 1245184K
  class space    used 18414K, committed 19200K, reserved 1048576K
}
Event: 4262.023 GC heap before
{Heap before GC invocations=217 (full 17):
 garbage-first heap   total 536576K, used 485952K [0x0000000701200000, 0x0000000800000000)
  region size 2048K, 87 young (178176K), 6 survivors (12288K)
 Metaspace       used 174429K, committed 176128K, reserved 1245184K
  class space    used 18456K, committed 19264K, reserved 1048576K
}
Event: 4262.028 GC heap after
{Heap after GC invocations=218 (full 17):
 garbage-first heap   total 536576K, used 324263K [0x0000000701200000, 0x0000000800000000)
  region size 2048K, 8 young (16384K), 8 survivors (16384K)
 Metaspace       used 174429K, committed 176128K, reserved 1245184K
  class space    used 18456K, committed 19264K, reserved 1048576K
}
Event: 4381.413 GC heap before
{Heap before GC invocations=219 (full 17):
 garbage-first heap   total 557056K, used 479911K [0x0000000701200000, 0x0000000800000000)
  region size 2048K, 84 young (172032K), 8 survivors (16384K)
 Metaspace       used 174990K, committed 176576K, reserved 1245184K
  class space    used 18491K, committed 19264K, reserved 1048576K
}
Event: 4381.417 GC heap after
{Heap after GC invocations=220 (full 17):
 garbage-first heap   total 557056K, used 325102K [0x0000000701200000, 0x0000000800000000)
  region size 2048K, 6 young (12288K), 6 survivors (12288K)
 Metaspace       used 174990K, committed 176576K, reserved 1245184K
  class space    used 18491K, committed 19264K, reserved 1048576K
}
Event: 4518.006 GC heap before
{Heap before GC invocations=220 (full 17):
 garbage-first heap   total 557056K, used 505326K [0x0000000701200000, 0x0000000800000000)
  region size 2048K, 94 young (192512K), 6 survivors (12288K)
 Metaspace       used 175659K, committed 177344K, reserved 1245184K
  class space    used 18527K, committed 19328K, reserved 1048576K
}
Event: 4518.010 GC heap after
{Heap after GC invocations=221 (full 17):
 garbage-first heap   total 557056K, used 324385K [0x0000000701200000, 0x0000000800000000)
  region size 2048K, 6 young (12288K), 6 survivors (12288K)
 Metaspace       used 175659K, committed 177344K, reserved 1245184K
  class space    used 18527K, committed 19328K, reserved 1048576K
}
Event: 4679.380 GC heap before
{Heap before GC invocations=221 (full 17):
 garbage-first heap   total 557056K, used 504609K [0x0000000701200000, 0x0000000800000000)
  region size 2048K, 95 young (194560K), 6 survivors (12288K)
 Metaspace       used 175868K, committed 177600K, reserved 1245184K
  class space    used 18535K, committed 19392K, reserved 1048576K
}
Event: 4679.383 GC heap after
{Heap after GC invocations=222 (full 17):
 garbage-first heap   total 557056K, used 324329K [0x0000000701200000, 0x0000000800000000)
  region size 2048K, 6 young (12288K), 6 survivors (12288K)
 Metaspace       used 175868K, committed 177600K, reserved 1245184K
  class space    used 18535K, committed 19392K, reserved 1048576K
}
Event: 4751.161 GC heap before
{Heap before GC invocations=223 (full 17):
 garbage-first heap   total 557056K, used 428777K [0x0000000701200000, 0x0000000800000000)
  region size 2048K, 59 young (120832K), 6 survivors (12288K)
 Metaspace       used 175962K, committed 177664K, reserved 1245184K
  class space    used 18524K, committed 19392K, reserved 1048576K
}

